<?xml version="1.0" encoding="UTF-8"?>
<!-- Generated by org.testng.reporters.JUnitReportReporter -->
<testsuite hostname="DESKTOP-EGUL54O" failures="0" tests="1" name="Demo.Test.test1" time="105.641" errors="0" timestamp="2024-10-24T11:44:08 IST" skipped="0">
  <testcase classname="Demo.Test.test1" name="demoTesttwo" time="105.641"/>
</testsuite> <!-- Demo.Test.test1 -->
