<?xml version="1.0" encoding="UTF-8"?>
<!-- Generated by org.testng.reporters.JUnitReportReporter -->
<testsuite hostname="DESKTOP-EGUL54O" failures="0" tests="1" name="Demo.Test.test" time="30.723" errors="0" timestamp="2024-10-24T17:39:00 IST" skipped="0">
  <testcase classname="Demo.Test.test" name="demoTest" time="30.723"/>
</testsuite> <!-- Demo.Test.test -->
