<?xml version="1.0" encoding="UTF-8"?>
<!-- Generated by org.testng.reporters.JUnitReportReporter -->
<testsuite hostname="DESKTOP-EGUL54O" failures="0" tests="1" name="Demo.Test.test1" time="31.919" errors="0" timestamp="2024-10-22T17:08:18 IST" skipped="0">
  <testcase classname="Demo.Test.test1" name="demoTesttwo" time="31.919"/>
</testsuite> <!-- Demo.Test.test1 -->
