<?xml version="1.0" encoding="UTF-8"?>
<!-- Generated by org.testng.reporters.JUnitReportReporter -->
<testsuite hostname="DESKTOP-EGUL54O" failures="0" tests="1" name="Demo.Test.test" time="24.708" errors="0" timestamp="2024-10-23T16:46:05 IST" skipped="0">
  <testcase classname="Demo.Test.test" name="demoTest" time="24.708"/>
</testsuite> <!-- Demo.Test.test -->
