<?xml version="1.0" encoding="UTF-8"?>
<!-- Generated by org.testng.reporters.JUnitReportReporter -->
<testsuite hostname="DESKTOP-EGUL54O" failures="0" tests="1" name="Demo.Test.test1" time="161.776" errors="0" timestamp="2024-10-23T17:29:48 IST" skipped="0">
  <testcase classname="Demo.Test.test1" name="demoTesttwo" time="161.776"/>
</testsuite> <!-- Demo.Test.test1 -->
